<?xml version="1.0" encoding="UTF-8"?>
<testng-results skipped="0" failed="0" ignored="0" total="1" passed="1">
  <reporter-output>
  </reporter-output>
  <suite name="Default suite" duration-ms="9353" started-at="2020-12-26T10:39:34 IST" finished-at="2020-12-26T10:39:44 IST">
    <groups>
    </groups>
    <test name="Default test" duration-ms="9353" started-at="2020-12-26T10:39:34 IST" finished-at="2020-12-26T10:39:44 IST">
      <class name="Eloit.Logintg">
        <test-method status="PASS" signature="login()[pri:0, instance:Eloit.Logintg@23e028a9]" name="login" duration-ms="9280" started-at="2020-12-26T10:39:34 IST" finished-at="2020-12-26T10:39:44 IST">
          <reporter-output>
          </reporter-output>
        </test-method> <!-- login -->
      </class> <!-- Eloit.Logintg -->
    </test> <!-- Default test -->
  </suite> <!-- Default suite -->
</testng-results>
