<?xml version="1.0" encoding="UTF-8"?>
<testng-results skipped="0" failed="0" ignored="0" total="1" passed="1">
  <reporter-output>
  </reporter-output>
  <suite name="Default suite" duration-ms="10390" started-at="2021-01-04T16:34:26 IST" finished-at="2021-01-04T16:34:37 IST">
    <groups>
    </groups>
    <test name="Default test" duration-ms="10390" started-at="2021-01-04T16:34:26 IST" finished-at="2021-01-04T16:34:37 IST">
      <class name="com.edisapp.testCases.TC_LoginTest_001">
        <test-method status="PASS" signature="setup()[pri:0, instance:com.edisapp.testCases.TC_LoginTest_001@43301423]" name="setup" is-config="true" duration-ms="4172" started-at="2021-01-04T16:34:26 IST" finished-at="2021-01-04T16:34:30 IST">
          <reporter-output>
          </reporter-output>
        </test-method> <!-- setup -->
        <test-method status="PASS" signature="loginTest()[pri:0, instance:com.edisapp.testCases.TC_LoginTest_001@43301423]" name="loginTest" duration-ms="5343" started-at="2021-01-04T16:34:30 IST" finished-at="2021-01-04T16:34:36 IST">
          <reporter-output>
          </reporter-output>
        </test-method> <!-- loginTest -->
        <test-method status="PASS" signature="tearDown()[pri:0, instance:com.edisapp.testCases.TC_LoginTest_001@43301423]" name="tearDown" is-config="true" duration-ms="814" started-at="2021-01-04T16:34:36 IST" finished-at="2021-01-04T16:34:37 IST">
          <reporter-output>
          </reporter-output>
        </test-method> <!-- tearDown -->
      </class> <!-- com.edisapp.testCases.TC_LoginTest_001 -->
    </test> <!-- Default test -->
  </suite> <!-- Default suite -->
</testng-results>
